<?xml version="1.0" encoding="UTF-8"?>
<testng-results skipped="0" failed="0" ignored="0" total="1" passed="1">
  <reporter-output>
    <line>
      <![CDATA[The Tag Name: .htaccess has maximum question count of: 68380]]>
    </line>
  </reporter-output>
  <suite name="example suite 1" duration-ms="15742" started-at="2020-08-12T23:30:52 IST" finished-at="2020-08-12T23:31:07 IST">
    <groups>
    </groups>
    <test name="stackoverflow" duration-ms="15742" started-at="2020-08-12T23:30:52 IST" finished-at="2020-08-12T23:31:07 IST">
      <class name="com.TestStackOverFlow">
        <test-method status="PASS" signature="setup()[pri:0, instance:com.TestStackOverFlow@58651fd0]" name="setup" is-config="true" duration-ms="5643" started-at="2020-08-12T23:30:52 IST" finished-at="2020-08-12T23:30:57 IST">
          <reporter-output>
          </reporter-output>
        </test-method> <!-- setup -->
        <test-method status="PASS" signature="testStackOverFlow()[pri:0, instance:com.TestStackOverFlow@58651fd0]" name="testStackOverFlow" duration-ms="9839" started-at="2020-08-12T23:30:57 IST" finished-at="2020-08-12T23:31:07 IST">
          <reporter-output>
            <line>
              <![CDATA[The Tag Name: .htaccess has maximum question count of: 68380]]>
            </line>
          </reporter-output>
        </test-method> <!-- testStackOverFlow -->
        <test-method status="PASS" signature="teardown()[pri:0, instance:com.TestStackOverFlow@58651fd0]" name="teardown" is-config="true" duration-ms="213" started-at="2020-08-12T23:31:07 IST" finished-at="2020-08-12T23:31:07 IST">
          <reporter-output>
          </reporter-output>
        </test-method> <!-- teardown -->
      </class> <!-- com.TestStackOverFlow -->
    </test> <!-- stackoverflow -->
  </suite> <!-- example suite 1 -->
</testng-results>
